0 info it worked if it ends with ok
1 verbose cli [ '/usr/local/bin/node', '/usr/local/bin/npm', 'run', 'dev' ]
2 info using npm@3.10.3
3 info using node@v5.4.1
4 verbose run-script [ 'predev', 'dev', 'postdev' ]
5 info lifecycle deepjs@1.0.0~predev: deepjs@1.0.0
6 silly lifecycle deepjs@1.0.0~predev: no script for predev, continuing
7 info lifecycle deepjs@1.0.0~dev: deepjs@1.0.0
8 verbose lifecycle deepjs@1.0.0~dev: unsafe-perm in lifecycle true
9 verbose lifecycle deepjs@1.0.0~dev: PATH: /usr/local/lib/node_modules/npm/bin/node-gyp-bin:/Users/johnpizzo/src/DeepJS/node_modules/.bin:/usr/local/bin:/Users/johnpizzo/src/venv/bin:/usr/local/bin:/usr/bin:/bin:/usr/sbin:/sbin
10 verbose lifecycle deepjs@1.0.0~dev: CWD: /Users/johnpizzo/src/DeepJS
11 silly lifecycle deepjs@1.0.0~dev: Args: [ '-c', 'webpack-dev-server --inline --port 8080' ]
12 silly lifecycle deepjs@1.0.0~dev: Returned: code: 1  signal: null
13 info lifecycle deepjs@1.0.0~dev: Failed to exec dev script
14 verbose stack Error: deepjs@1.0.0 dev: `webpack-dev-server --inline --port 8080`
14 verbose stack Exit status 1
14 verbose stack     at EventEmitter.<anonymous> (/usr/local/lib/node_modules/npm/lib/utils/lifecycle.js:242:16)
14 verbose stack     at emitTwo (events.js:87:13)
14 verbose stack     at EventEmitter.emit (events.js:172:7)
14 verbose stack     at ChildProcess.<anonymous> (/usr/local/lib/node_modules/npm/lib/utils/spawn.js:40:14)
14 verbose stack     at emitTwo (events.js:87:13)
14 verbose stack     at ChildProcess.emit (events.js:172:7)
14 verbose stack     at maybeClose (internal/child_process.js:821:16)
14 verbose stack     at Process.ChildProcess._handle.onexit (internal/child_process.js:211:5)
15 verbose pkgid deepjs@1.0.0
16 verbose cwd /Users/johnpizzo/src/DeepJS
17 error Darwin 16.4.0
18 error argv "/usr/local/bin/node" "/usr/local/bin/npm" "run" "dev"
19 error node v5.4.1
20 error npm  v3.10.3
21 error code ELIFECYCLE
22 error deepjs@1.0.0 dev: `webpack-dev-server --inline --port 8080`
22 error Exit status 1
23 error Failed at the deepjs@1.0.0 dev script 'webpack-dev-server --inline --port 8080'.
23 error Make sure you have the latest version of node.js and npm installed.
23 error If you do, this is most likely a problem with the deepjs package,
23 error not with npm itself.
23 error Tell the author that this fails on your system:
23 error     webpack-dev-server --inline --port 8080
23 error You can get information on how to open an issue for this project with:
23 error     npm bugs deepjs
23 error Or if that isn't available, you can get their info via:
23 error     npm owner ls deepjs
23 error There is likely additional logging output above.
24 verbose exit [ 1, true ]
